{"level":"info","message":"Snooper version 1.37.0","service":"snooper","timestamp":"Mon, 12 May 2025 14:20:57 GMT"}
{"level":"info","message":"Discovering feature files","service":"snooper","timestamp":"Mon, 12 May 2025 14:20:57 GMT"}
{"level":"info","message":"framework java","service":"snooper","timestamp":"Mon, 12 May 2025 14:20:57 GMT"}
{"level":"info","message":"extracting fetures","service":"snooper","timestamp":"Mon, 12 May 2025 14:20:57 GMT"}
{"level":"info","message":"Snooper discovery completed","service":"snooper","timestamp":"Mon, 12 May 2025 14:20:57 GMT"}
{"level":"info","message":"Snooper version 1.37.0","service":"snooper","timestamp":"Mon, 12 May 2025 14:21:15 GMT"}
{"level":"info","message":"Discovering feature files","service":"snooper","timestamp":"Mon, 12 May 2025 14:21:15 GMT"}
{"level":"info","message":"framework java","service":"snooper","timestamp":"Mon, 12 May 2025 14:21:15 GMT"}
{"level":"info","message":"extracting fetures","service":"snooper","timestamp":"Mon, 12 May 2025 14:21:15 GMT"}
{"level":"info","message":"Snooper discovery completed","service":"snooper","timestamp":"Mon, 12 May 2025 14:21:15 GMT"}
{"level":"info","message":"Snooper version 1.37.0","service":"snooper","timestamp":"Mon, 12 May 2025 14:21:50 GMT"}
{"level":"info","message":"Discovering feature files","service":"snooper","timestamp":"Mon, 12 May 2025 14:21:50 GMT"}
{"level":"info","message":"framework java","service":"snooper","timestamp":"Mon, 12 May 2025 14:21:50 GMT"}
{"level":"info","message":"extracting fetures","service":"snooper","timestamp":"Mon, 12 May 2025 14:21:50 GMT"}
{"level":"info","message":"Snooper discovery completed","service":"snooper","timestamp":"Mon, 12 May 2025 14:21:50 GMT"}
{"level":"info","message":"Snooper version 1.37.0","service":"snooper","timestamp":"Mon, 12 May 2025 14:22:12 GMT"}
{"level":"info","message":"Discovering feature files","service":"snooper","timestamp":"Mon, 12 May 2025 14:22:12 GMT"}
{"level":"info","message":"framework java","service":"snooper","timestamp":"Mon, 12 May 2025 14:22:12 GMT"}
{"level":"info","message":"extracting fetures","service":"snooper","timestamp":"Mon, 12 May 2025 14:22:12 GMT"}
{"level":"info","message":"Snooper discovery completed","service":"snooper","timestamp":"Mon, 12 May 2025 14:22:12 GMT"}
{"level":"info","message":"Snooper version 1.37.0","service":"snooper","timestamp":"Mon, 12 May 2025 14:22:18 GMT"}
{"level":"info","message":"Discovering feature files","service":"snooper","timestamp":"Mon, 12 May 2025 14:22:18 GMT"}
{"level":"info","message":"framework java","service":"snooper","timestamp":"Mon, 12 May 2025 14:22:18 GMT"}
{"level":"info","message":"extracting fetures","service":"snooper","timestamp":"Mon, 12 May 2025 14:22:18 GMT"}
{"level":"info","message":"Snooper discovery completed","service":"snooper","timestamp":"Mon, 12 May 2025 14:22:18 GMT"}
{"level":"info","message":"Snooper version 1.37.0","service":"snooper","timestamp":"Mon, 12 May 2025 14:26:08 GMT"}
{"level":"info","message":"Discovering feature files","service":"snooper","timestamp":"Mon, 12 May 2025 14:26:08 GMT"}
{"level":"info","message":"framework java","service":"snooper","timestamp":"Mon, 12 May 2025 14:26:08 GMT"}
{"level":"info","message":"extracting fetures","service":"snooper","timestamp":"Mon, 12 May 2025 14:26:08 GMT"}
{"level":"info","message":"Snooper discovery completed","service":"snooper","timestamp":"Mon, 12 May 2025 14:26:08 GMT"}
{"level":"info","message":"Snooper version 1.37.0","service":"snooper","timestamp":"Mon, 12 May 2025 14:26:35 GMT"}
{"level":"info","message":"Discovering feature files","service":"snooper","timestamp":"Mon, 12 May 2025 14:26:35 GMT"}
{"level":"info","message":"framework java","service":"snooper","timestamp":"Mon, 12 May 2025 14:26:35 GMT"}
{"level":"info","message":"extracting fetures","service":"snooper","timestamp":"Mon, 12 May 2025 14:26:35 GMT"}
{"level":"info","message":"Snooper discovery completed","service":"snooper","timestamp":"Mon, 12 May 2025 14:26:35 GMT"}
{"level":"info","message":"Snooper version 1.37.0","service":"snooper","timestamp":"Mon, 12 May 2025 14:28:11 GMT"}
{"level":"info","message":"Discovering feature files","service":"snooper","timestamp":"Mon, 12 May 2025 14:28:11 GMT"}
{"level":"info","message":"framework java","service":"snooper","timestamp":"Mon, 12 May 2025 14:28:11 GMT"}
{"level":"info","message":"extracting fetures","service":"snooper","timestamp":"Mon, 12 May 2025 14:28:11 GMT"}
{"level":"info","message":"Snooper discovery completed","service":"snooper","timestamp":"Mon, 12 May 2025 14:28:11 GMT"}
{"level":"info","message":"Snooper version 1.37.0","service":"snooper","timestamp":"Mon, 12 May 2025 14:28:14 GMT"}
{"level":"info","message":"Discovering feature files","service":"snooper","timestamp":"Mon, 12 May 2025 14:28:14 GMT"}
{"level":"info","message":"framework java","service":"snooper","timestamp":"Mon, 12 May 2025 14:28:14 GMT"}
{"level":"info","message":"extracting fetures","service":"snooper","timestamp":"Mon, 12 May 2025 14:28:14 GMT"}
{"level":"info","message":"Snooper discovery completed","service":"snooper","timestamp":"Mon, 12 May 2025 14:28:14 GMT"}
{"level":"info","message":"Snooper version 1.37.0","service":"snooper","timestamp":"Mon, 12 May 2025 14:31:57 GMT"}
{"level":"info","message":"Discovering feature files","service":"snooper","timestamp":"Mon, 12 May 2025 14:31:57 GMT"}
{"level":"info","message":"framework java","service":"snooper","timestamp":"Mon, 12 May 2025 14:31:57 GMT"}
{"level":"info","message":"extracting fetures","service":"snooper","timestamp":"Mon, 12 May 2025 14:31:57 GMT"}
{"level":"info","message":"Snooper discovery completed","service":"snooper","timestamp":"Mon, 12 May 2025 14:31:57 GMT"}
{"level":"info","message":"Snooper version 1.37.0","service":"snooper","timestamp":"Mon, 12 May 2025 14:40:01 GMT"}
{"level":"info","message":"Discovering feature files","service":"snooper","timestamp":"Mon, 12 May 2025 14:40:01 GMT"}
{"level":"info","message":"framework java","service":"snooper","timestamp":"Mon, 12 May 2025 14:40:01 GMT"}
{"level":"info","message":"extracting fetures","service":"snooper","timestamp":"Mon, 12 May 2025 14:40:01 GMT"}
{"level":"info","message":"Snooper discovery completed","service":"snooper","timestamp":"Mon, 12 May 2025 14:40:01 GMT"}
{"level":"info","message":"Snooper version 1.37.0","service":"snooper","timestamp":"Mon, 12 May 2025 14:40:19 GMT"}
{"level":"info","message":"Discovering feature files","service":"snooper","timestamp":"Mon, 12 May 2025 14:40:19 GMT"}
{"level":"info","message":"framework java","service":"snooper","timestamp":"Mon, 12 May 2025 14:40:19 GMT"}
{"level":"info","message":"extracting fetures","service":"snooper","timestamp":"Mon, 12 May 2025 14:40:19 GMT"}
{"level":"info","message":"Snooper discovery completed","service":"snooper","timestamp":"Mon, 12 May 2025 14:40:19 GMT"}
{"level":"info","message":"Snooper version 1.37.0","service":"snooper","timestamp":"Mon, 12 May 2025 14:40:22 GMT"}
{"level":"info","message":"Discovering feature files","service":"snooper","timestamp":"Mon, 12 May 2025 14:40:22 GMT"}
{"level":"info","message":"framework java","service":"snooper","timestamp":"Mon, 12 May 2025 14:40:22 GMT"}
{"level":"info","message":"extracting fetures","service":"snooper","timestamp":"Mon, 12 May 2025 14:40:22 GMT"}
{"level":"info","message":"Snooper discovery completed","service":"snooper","timestamp":"Mon, 12 May 2025 14:40:22 GMT"}
{"level":"info","message":"Snooper version 1.37.0","service":"snooper","timestamp":"Mon, 12 May 2025 14:40:26 GMT"}
{"level":"info","message":"Discovering feature files","service":"snooper","timestamp":"Mon, 12 May 2025 14:40:26 GMT"}
{"level":"info","message":"framework java","service":"snooper","timestamp":"Mon, 12 May 2025 14:40:26 GMT"}
{"level":"info","message":"extracting fetures","service":"snooper","timestamp":"Mon, 12 May 2025 14:40:26 GMT"}
{"level":"info","message":"Snooper discovery completed","service":"snooper","timestamp":"Mon, 12 May 2025 14:40:26 GMT"}
{"level":"info","message":"Snooper version 1.37.0","service":"snooper","timestamp":"Mon, 12 May 2025 14:41:11 GMT"}
{"level":"info","message":"Discovering feature files","service":"snooper","timestamp":"Mon, 12 May 2025 14:41:11 GMT"}
{"level":"info","message":"framework java","service":"snooper","timestamp":"Mon, 12 May 2025 14:41:11 GMT"}
{"level":"info","message":"extracting fetures","service":"snooper","timestamp":"Mon, 12 May 2025 14:41:11 GMT"}
{"level":"info","message":"Extracting features from file src/test/resources/apis/features/DeleteRequest.feature","service":"snooper","timestamp":"Mon, 12 May 2025 14:41:11 GMT"}
{"level":"info","message":"Extracting features from file src/test/resources/apis/features/GetRequest.feature","service":"snooper","timestamp":"Mon, 12 May 2025 14:41:11 GMT"}
{"level":"info","message":"Extracting features from file src/test/resources/apis/features/PostRequest.feature","service":"snooper","timestamp":"Mon, 12 May 2025 14:41:11 GMT"}
{"level":"info","message":"Extracting features from file src/test/resources/apis/features/PutRequest.feature","service":"snooper","timestamp":"Mon, 12 May 2025 14:41:11 GMT"}
{"level":"info","message":"Snooper discovery completed","service":"snooper","timestamp":"Mon, 12 May 2025 14:41:11 GMT"}
{"level":"info","message":"Snooper version 1.37.0","service":"snooper","timestamp":"Mon, 12 May 2025 14:42:02 GMT"}
{"level":"info","message":"Discovering feature files","service":"snooper","timestamp":"Mon, 12 May 2025 14:42:02 GMT"}
{"level":"info","message":"framework java","service":"snooper","timestamp":"Mon, 12 May 2025 14:42:02 GMT"}
{"level":"info","message":"extracting fetures","service":"snooper","timestamp":"Mon, 12 May 2025 14:42:02 GMT"}
{"level":"info","message":"Extracting features from file src/test/resources/apis/features/DeleteRequest.feature","service":"snooper","timestamp":"Mon, 12 May 2025 14:42:02 GMT"}
{"level":"info","message":"Extracting features from file src/test/resources/apis/features/GetRequest.feature","service":"snooper","timestamp":"Mon, 12 May 2025 14:42:02 GMT"}
{"level":"info","message":"Extracting features from file src/test/resources/apis/features/PostRequest.feature","service":"snooper","timestamp":"Mon, 12 May 2025 14:42:02 GMT"}
{"level":"info","message":"Extracting features from file src/test/resources/apis/features/PutRequest.feature","service":"snooper","timestamp":"Mon, 12 May 2025 14:42:02 GMT"}
{"level":"info","message":"Snooper discovery completed","service":"snooper","timestamp":"Mon, 12 May 2025 14:42:02 GMT"}
{"level":"info","message":"Snooper version 1.37.0","service":"snooper","timestamp":"Tue, 13 May 2025 06:58:06 GMT"}
{"level":"info","message":"Discovering feature files","service":"snooper","timestamp":"Tue, 13 May 2025 06:58:06 GMT"}
{"level":"info","message":"framework java","service":"snooper","timestamp":"Tue, 13 May 2025 06:58:06 GMT"}
{"level":"info","message":"extracting fetures","service":"snooper","timestamp":"Tue, 13 May 2025 06:58:06 GMT"}
{"level":"info","message":"Extracting features from file src/test/resources/apis/features/DeleteRequest.feature","service":"snooper","timestamp":"Tue, 13 May 2025 06:58:06 GMT"}
{"level":"info","message":"Extracting features from file src/test/resources/apis/features/GetRequest.feature","service":"snooper","timestamp":"Tue, 13 May 2025 06:58:06 GMT"}
{"level":"info","message":"Extracting features from file src/test/resources/apis/features/PostRequest.feature","service":"snooper","timestamp":"Tue, 13 May 2025 06:58:06 GMT"}
{"level":"info","message":"Extracting features from file src/test/resources/apis/features/PutRequest.feature","service":"snooper","timestamp":"Tue, 13 May 2025 06:58:06 GMT"}
{"level":"info","message":"Snooper discovery completed","service":"snooper","timestamp":"Tue, 13 May 2025 06:58:06 GMT"}
{"level":"info","message":"Snooper version 1.37.0","service":"snooper","timestamp":"Tue, 13 May 2025 07:07:25 GMT"}
{"level":"info","message":"Discovering feature files","service":"snooper","timestamp":"Tue, 13 May 2025 07:07:25 GMT"}
{"level":"info","message":"framework java","service":"snooper","timestamp":"Tue, 13 May 2025 07:07:25 GMT"}
{"level":"info","message":"extracting fetures","service":"snooper","timestamp":"Tue, 13 May 2025 07:07:25 GMT"}
{"level":"info","message":"Extracting features from file src/test/resources/apis/features/DeleteRequest.feature","service":"snooper","timestamp":"Tue, 13 May 2025 07:07:25 GMT"}
{"level":"info","message":"Extracting features from file src/test/resources/apis/features/GetRequest.feature","service":"snooper","timestamp":"Tue, 13 May 2025 07:07:25 GMT"}
{"level":"info","message":"Extracting features from file src/test/resources/apis/features/PostRequest.feature","service":"snooper","timestamp":"Tue, 13 May 2025 07:07:25 GMT"}
{"level":"info","message":"Extracting features from file src/test/resources/apis/features/PutRequest.feature","service":"snooper","timestamp":"Tue, 13 May 2025 07:07:25 GMT"}
{"level":"info","message":"Snooper discovery completed","service":"snooper","timestamp":"Tue, 13 May 2025 07:07:25 GMT"}
{"level":"info","message":"Snooper version 1.37.0","service":"snooper","timestamp":"Tue, 13 May 2025 07:14:27 GMT"}
{"level":"info","message":"Discovering feature files","service":"snooper","timestamp":"Tue, 13 May 2025 07:14:27 GMT"}
{"level":"info","message":"framework java","service":"snooper","timestamp":"Tue, 13 May 2025 07:14:27 GMT"}
{"level":"info","message":"extracting fetures","service":"snooper","timestamp":"Tue, 13 May 2025 07:14:27 GMT"}
{"level":"info","message":"Extracting features from file src/test/resources/apis/features/DeleteRequest.feature","service":"snooper","timestamp":"Tue, 13 May 2025 07:14:27 GMT"}
{"level":"info","message":"Extracting features from file src/test/resources/apis/features/GetRequest.feature","service":"snooper","timestamp":"Tue, 13 May 2025 07:14:27 GMT"}
{"level":"info","message":"Extracting features from file src/test/resources/apis/features/PostRequest.feature","service":"snooper","timestamp":"Tue, 13 May 2025 07:14:27 GMT"}
{"level":"info","message":"Extracting features from file src/test/resources/apis/features/PutRequest.feature","service":"snooper","timestamp":"Tue, 13 May 2025 07:14:27 GMT"}
{"level":"info","message":"Snooper discovery completed","service":"snooper","timestamp":"Tue, 13 May 2025 07:14:27 GMT"}
