15:28:19.295 [Test worker] DEBUG com.intuit.karate.Suite - [config] classpath:karate-config.js
15:28:19.792 [Test worker] DEBUG com.intuit.karate - request:
1 > GET https://reqres.in/api/users/2
1 > Accept: application/json
1 > x-api-key: reqres-free-v1
1 > Host: reqres.in
1 > Connection: Keep-Alive
1 > User-Agent: Apache-HttpClient/4.5.14 (Java/11.0.27)
1 > Accept-Encoding: gzip,deflate


15:28:20.191 [Test worker] DEBUG com.intuit.karate - response time in milliseconds: 396
1 < 200
1 < Date: Tue, 13 May 2025 09:58:20 GMT
1 < Content-Type: application/json; charset=utf-8
1 < Transfer-Encoding: chunked
1 < Connection: keep-alive
1 < Cf-Ray: 93f14bf80a654932-BOM
1 < Server: cloudflare
1 < Report-To: {"group":"heroku-nel","max_age":3600,"endpoints":[{"url":"https://nel.heroku.com/reports?ts=1747123992&sid=c4c9725f-1ab0-44d8-820f-430df2718e11&s=ZEMGM8rYEO5dvpKJEQzMjrAy%2BH5XUn0Wz%2FEUsrhDhVQ%3D"}]}
1 < Reporting-Endpoints: heroku-nel=https://nel.heroku.com/reports?ts=1747123992&sid=c4c9725f-1ab0-44d8-820f-430df2718e11&s=ZEMGM8rYEO5dvpKJEQzMjrAy%2BH5XUn0Wz%2FEUsrhDhVQ%3D
1 < Nel: {"report_to":"heroku-nel","max_age":3600,"success_fraction":0.005,"failure_fraction":0.05,"response_headers":["Via"]}
1 < X-Powered-By: Express
1 < Access-Control-Allow-Origin: *
1 < Ratelimit-Policy: 100;w=60
1 < Ratelimit-Limit: 100
1 < Ratelimit-Remaining: 98
1 < Ratelimit-Reset: 60
1 < Etag: W/"152-ApQgGHL6RKwaebFlrPCYPBO1xHg"
1 < Via: 1.1 vegur
1 < Cache-Control: max-age=14400
1 < Cf-Cache-Status: HIT
1 < Age: 6308
1 < Vary: Accept-Encoding
1 < server-timing: cfL4;desc="?proto=TCP&rtt=61948&min_rtt=59630&rtt_var=26999&sent=5&recv=8&lost=0&retrans=0&sent_bytes=3108&recv_bytes=722&delivery_rate=49423&cwnd=252&unsent_bytes=0&cid=6cb8f1a7403ff7e8&ts=147&x=0"
{"data":{"id":2,"email":"janet.weaver@reqres.in","first_name":"Janet","last_name":"Weaver","avatar":"https://reqres.in/img/faces/2-image.jpg"},"support":{"url":"https://contentcaddy.io?utm_source=reqres&utm_medium=json&utm_campaign=referral","text":"Tired of writing endless social media content? Let Content Caddy generate it for you."}}

15:28:20.206 [Test worker] INFO  com.intuit.karate - [print] {
  "data": {
    "id": 2,
    "email": "janet.weaver@reqres.in",
    "first_name": "Janet",
    "last_name": "Weaver",
    "avatar": "https://reqres.in/img/faces/2-image.jpg"
  },
  "support": {
    "url": "https://contentcaddy.io?utm_source=reqres&utm_medium=json&utm_campaign=referral",
    "text": "Tired of writing endless social media content? Let Content Caddy generate it for you."
  }
}
 
15:28:20.216 [Test worker] DEBUG com.intuit.karate - request:
1 > GET https://reqres.in/api/users/23
1 > Accept: application/json
1 > x-api-key: reqres-free-v1
1 > Host: reqres.in
1 > Connection: Keep-Alive
1 > User-Agent: Apache-HttpClient/4.5.14 (Java/11.0.27)
1 > Accept-Encoding: gzip,deflate


15:28:20.747 [Test worker] DEBUG com.intuit.karate - response time in milliseconds: 529
1 < 404
1 < Date: Tue, 13 May 2025 09:58:20 GMT
1 < Content-Type: application/json; charset=utf-8
1 < Transfer-Encoding: chunked
1 < Connection: keep-alive
1 < Server: cloudflare
1 < Vary: Accept-Encoding
1 < Cf-Ray: 93f14bf9fe1d46a4-BOM
1 < Report-To: {"group":"heroku-nel","max_age":3600,"endpoints":[{"url":"https://nel.heroku.com/reports?ts=1747130300&sid=c4c9725f-1ab0-44d8-820f-430df2718e11&s=P%2FBcNdMMhKftMq3asxciqjFD6U1SLIeYFflvMQfsCic%3D"}]}
1 < Reporting-Endpoints: heroku-nel=https://nel.heroku.com/reports?ts=1747130300&sid=c4c9725f-1ab0-44d8-820f-430df2718e11&s=P%2FBcNdMMhKftMq3asxciqjFD6U1SLIeYFflvMQfsCic%3D
1 < Nel: {"report_to":"heroku-nel","max_age":3600,"success_fraction":0.005,"failure_fraction":0.05,"response_headers":["Via"]}
1 < X-Powered-By: Express
1 < Access-Control-Allow-Origin: *
1 < Ratelimit-Policy: 100;w=60
1 < Ratelimit-Limit: 100
1 < Ratelimit-Remaining: 98
1 < Ratelimit-Reset: 60
1 < Etag: W/"2-vyGp6PvFo4RvsFtPoIWeCReyIC8"
1 < Via: 1.1 vegur
1 < Cache-Control: max-age=14400
1 < Cf-Cache-Status: EXPIRED
1 < server-timing: cfL4;desc="?proto=TCP&rtt=78490&min_rtt=67961&rtt_var=33006&sent=4&recv=7&lost=0&retrans=0&sent_bytes=219&recv_bytes=978&delivery_rate=18952&cwnd=250&unsent_bytes=0&cid=c1ec77f8403e1576&ts=364&x=0"
{}

15:28:20.749 [Test worker] INFO  com.intuit.karate - [print] {
}
 
15:28:20.757 [Test worker] DEBUG com.intuit.karate - request:
1 > GET https://reqres.in/api/users?page=2
1 > Accept: application/json
1 > x-api-key: reqres-free-v1
1 > Host: reqres.in
1 > Connection: Keep-Alive
1 > User-Agent: Apache-HttpClient/4.5.14 (Java/11.0.27)
1 > Accept-Encoding: gzip,deflate


15:28:21.000 [Test worker] DEBUG com.intuit.karate - response time in milliseconds: 241
1 < 200
1 < Date: Tue, 13 May 2025 09:58:21 GMT
1 < Content-Type: application/json; charset=utf-8
1 < Transfer-Encoding: chunked
1 < Connection: keep-alive
1 < Cf-Ray: 93f14bfd39b3ff9a-BOM
1 < Server: cloudflare
1 < Report-To: {"group":"heroku-nel","max_age":3600,"endpoints":[{"url":"https://nel.heroku.com/reports?ts=1747124086&sid=c4c9725f-1ab0-44d8-820f-430df2718e11&s=KZZskJ2%2Fp2ZbBpzq69gP7J3POMK%2B3SdStwlHddvHGKU%3D"}]}
1 < Reporting-Endpoints: heroku-nel=https://nel.heroku.com/reports?ts=1747124086&sid=c4c9725f-1ab0-44d8-820f-430df2718e11&s=KZZskJ2%2Fp2ZbBpzq69gP7J3POMK%2B3SdStwlHddvHGKU%3D
1 < Nel: {"report_to":"heroku-nel","max_age":3600,"success_fraction":0.005,"failure_fraction":0.05,"response_headers":["Via"]}
1 < X-Powered-By: Express
1 < Access-Control-Allow-Origin: *
1 < Ratelimit-Policy: 100;w=60
1 < Ratelimit-Limit: 100
1 < Ratelimit-Remaining: 98
1 < Ratelimit-Reset: 60
1 < Etag: W/"440-ZjsmMKR8P3usr2uJZbOCGCxC3Uw"
1 < Via: 1.1 vegur
1 < Cache-Control: max-age=14400
1 < Cf-Cache-Status: HIT
1 < Age: 6215
1 < Vary: Accept-Encoding
1 < server-timing: cfL4;desc="?proto=TCP&rtt=74352&min_rtt=68848&rtt_var=29750&sent=3&recv=7&lost=0&retrans=0&sent_bytes=219&recv_bytes=982&delivery_rate=18707&cwnd=250&unsent_bytes=0&cid=5bfe9ce8f97ba557&ts=92&x=0"
{"page":2,"per_page":6,"total":12,"total_pages":2,"data":[{"id":7,"email":"michael.lawson@reqres.in","first_name":"Michael","last_name":"Lawson","avatar":"https://reqres.in/img/faces/7-image.jpg"},{"id":8,"email":"lindsay.ferguson@reqres.in","first_name":"Lindsay","last_name":"Ferguson","avatar":"https://reqres.in/img/faces/8-image.jpg"},{"id":9,"email":"tobias.funke@reqres.in","first_name":"Tobias","last_name":"Funke","avatar":"https://reqres.in/img/faces/9-image.jpg"},{"id":10,"email":"byron.fields@reqres.in","first_name":"Byron","last_name":"Fields","avatar":"https://reqres.in/img/faces/10-image.jpg"},{"id":11,"email":"george.edwards@reqres.in","first_name":"George","last_name":"Edwards","avatar":"https://reqres.in/img/faces/11-image.jpg"},{"id":12,"email":"rachel.howell@reqres.in","first_name":"Rachel","last_name":"Howell","avatar":"https://reqres.in/img/faces/12-image.jpg"}],"support":{"url":"https://contentcaddy.io?utm_source=reqres&utm_medium=json&utm_campaign=referral","text":"Tired of writing endless social media content? Let Content Caddy generate it for you."}}

15:28:21.001 [Test worker] INFO  com.intuit.karate - [print] {
  "page": 2,
  "per_page": 6,
  "total": 12,
  "total_pages": 2,
  "data": [
    {
      "id": 7,
      "email": "michael.lawson@reqres.in",
      "first_name": "Michael",
      "last_name": "Lawson",
      "avatar": "https://reqres.in/img/faces/7-image.jpg"
    },
    {
      "id": 8,
      "email": "lindsay.ferguson@reqres.in",
      "first_name": "Lindsay",
      "last_name": "Ferguson",
      "avatar": "https://reqres.in/img/faces/8-image.jpg"
    },
    {
      "id": 9,
      "email": "tobias.funke@reqres.in",
      "first_name": "Tobias",
      "last_name": "Funke",
      "avatar": "https://reqres.in/img/faces/9-image.jpg"
    },
    {
      "id": 10,
      "email": "byron.fields@reqres.in",
      "first_name": "Byron",
      "last_name": "Fields",
      "avatar": "https://reqres.in/img/faces/10-image.jpg"
    },
    {
      "id": 11,
      "email": "george.edwards@reqres.in",
      "first_name": "George",
      "last_name": "Edwards",
      "avatar": "https://reqres.in/img/faces/11-image.jpg"
    },
    {
      "id": 12,
      "email": "rachel.howell@reqres.in",
      "first_name": "Rachel",
      "last_name": "Howell",
      "avatar": "https://reqres.in/img/faces/12-image.jpg"
    }
  ],
  "support": {
    "url": "https://contentcaddy.io?utm_source=reqres&utm_medium=json&utm_campaign=referral",
    "text": "Tired of writing endless social media content? Let Content Caddy generate it for you."
  }
}
 
15:28:21.010 [Test worker] DEBUG com.intuit.karate - request:
1 > GET https://reqres.in/api/users?delay=3
1 > Accept: application/json
1 > x-api-key: reqres-free-v1
1 > Host: reqres.in
1 > Connection: Keep-Alive
1 > User-Agent: Apache-HttpClient/4.5.14 (Java/11.0.27)
1 > Accept-Encoding: gzip,deflate


15:28:24.685 [Test worker] DEBUG com.intuit.karate - response time in milliseconds: 3674
1 < 200
1 < Date: Tue, 13 May 2025 09:58:24 GMT
1 < Content-Type: application/json; charset=utf-8
1 < Transfer-Encoding: chunked
1 < Connection: keep-alive
1 < Cf-Ray: 93f14bfedc774457-BOM
1 < Server: cloudflare
1 < Report-To: {"group":"heroku-nel","max_age":3600,"endpoints":[{"url":"https://nel.heroku.com/reports?ts=1747130301&sid=c4c9725f-1ab0-44d8-820f-430df2718e11&s=atcLHQeTG04CNuJeOK6CKXKk3GdFz25ONIyC00QRHFc%3D"}]}
1 < Reporting-Endpoints: heroku-nel=https://nel.heroku.com/reports?ts=1747130301&sid=c4c9725f-1ab0-44d8-820f-430df2718e11&s=atcLHQeTG04CNuJeOK6CKXKk3GdFz25ONIyC00QRHFc%3D
1 < Nel: {"report_to":"heroku-nel","max_age":3600,"success_fraction":0.005,"failure_fraction":0.05,"response_headers":["Via"]}
1 < X-Powered-By: Express
1 < Access-Control-Allow-Origin: *
1 < Ratelimit-Policy: 100;w=60
1 < Ratelimit-Limit: 100
1 < Ratelimit-Remaining: 96
1 < Ratelimit-Reset: 57
1 < Etag: W/"41e-bY3U72nulxuwNd/TmihMEHjLmek"
1 < Via: 1.1 vegur
1 < Cf-Cache-Status: DYNAMIC
1 < server-timing: cfL4;desc="?proto=TCP&rtt=70793&min_rtt=69915&rtt_var=27975&sent=4&recv=7&lost=0&retrans=0&sent_bytes=219&recv_bytes=983&delivery_rate=16739&cwnd=250&unsent_bytes=0&cid=d3532275d42ddbdd&ts=3524&x=0"
{"page":1,"per_page":6,"total":12,"total_pages":2,"data":[{"id":1,"email":"george.bluth@reqres.in","first_name":"George","last_name":"Bluth","avatar":"https://reqres.in/img/faces/1-image.jpg"},{"id":2,"email":"janet.weaver@reqres.in","first_name":"Janet","last_name":"Weaver","avatar":"https://reqres.in/img/faces/2-image.jpg"},{"id":3,"email":"emma.wong@reqres.in","first_name":"Emma","last_name":"Wong","avatar":"https://reqres.in/img/faces/3-image.jpg"},{"id":4,"email":"eve.holt@reqres.in","first_name":"Eve","last_name":"Holt","avatar":"https://reqres.in/img/faces/4-image.jpg"},{"id":5,"email":"charles.morris@reqres.in","first_name":"Charles","last_name":"Morris","avatar":"https://reqres.in/img/faces/5-image.jpg"},{"id":6,"email":"tracey.ramos@reqres.in","first_name":"Tracey","last_name":"Ramos","avatar":"https://reqres.in/img/faces/6-image.jpg"}],"support":{"url":"https://contentcaddy.io?utm_source=reqres&utm_medium=json&utm_campaign=referral","text":"Tired of writing endless social media content? Let Content Caddy generate it for you."}}

15:28:24.689 [Test worker] INFO  com.intuit.karate - [print] {
  "page": 1,
  "per_page": 6,
  "total": 12,
  "total_pages": 2,
  "data": [
    {
      "id": 1,
      "email": "george.bluth@reqres.in",
      "first_name": "George",
      "last_name": "Bluth",
      "avatar": "https://reqres.in/img/faces/1-image.jpg"
    },
    {
      "id": 2,
      "email": "janet.weaver@reqres.in",
      "first_name": "Janet",
      "last_name": "Weaver",
      "avatar": "https://reqres.in/img/faces/2-image.jpg"
    },
    {
      "id": 3,
      "email": "emma.wong@reqres.in",
      "first_name": "Emma",
      "last_name": "Wong",
      "avatar": "https://reqres.in/img/faces/3-image.jpg"
    },
    {
      "id": 4,
      "email": "eve.holt@reqres.in",
      "first_name": "Eve",
      "last_name": "Holt",
      "avatar": "https://reqres.in/img/faces/4-image.jpg"
    },
    {
      "id": 5,
      "email": "charles.morris@reqres.in",
      "first_name": "Charles",
      "last_name": "Morris",
      "avatar": "https://reqres.in/img/faces/5-image.jpg"
    },
    {
      "id": 6,
      "email": "tracey.ramos@reqres.in",
      "first_name": "Tracey",
      "last_name": "Ramos",
      "avatar": "https://reqres.in/img/faces/6-image.jpg"
    }
  ],
  "support": {
    "url": "https://contentcaddy.io?utm_source=reqres&utm_medium=json&utm_campaign=referral",
    "text": "Tired of writing endless social media content? Let Content Caddy generate it for you."
  }
}
 
15:28:24.993 [Test worker] DEBUG com.intuit.karate - request:
1 > POST https://reqres.in/api/users
1 > Accept: application/json
1 > x-api-key: reqres-free-v1
1 > Content-Type: application/json; charset=UTF-8
1 > Content-Length: 34
1 > Host: reqres.in
1 > Connection: Keep-Alive
1 > User-Agent: Apache-HttpClient/4.5.14 (Java/11.0.27)
1 > Accept-Encoding: gzip,deflate
{"name":"morpheus","job":"leader"}

15:28:25.696 [Test worker] DEBUG com.intuit.karate - response time in milliseconds: 702
1 < 201
1 < Date: Tue, 13 May 2025 09:58:25 GMT
1 < Content-Type: application/json; charset=utf-8
1 < Content-Length: 84
1 < Connection: keep-alive
1 < Server: cloudflare
1 < Cf-Ray: 93f14c17b817444e-BOM
1 < Report-To: {"group":"heroku-nel","max_age":3600,"endpoints":[{"url":"https://nel.heroku.com/reports?ts=1747130305&sid=c4c9725f-1ab0-44d8-820f-430df2718e11&s=K%2FGf5wYSkCZ9K%2BmZ8zL7h%2FThMRUbfYpTPH5VcjOOuN4%3D"}]}
1 < Reporting-Endpoints: heroku-nel=https://nel.heroku.com/reports?ts=1747130305&sid=c4c9725f-1ab0-44d8-820f-430df2718e11&s=K%2FGf5wYSkCZ9K%2BmZ8zL7h%2FThMRUbfYpTPH5VcjOOuN4%3D
1 < Nel: {"report_to":"heroku-nel","max_age":3600,"success_fraction":0.005,"failure_fraction":0.05,"response_headers":["Via"]}
1 < X-Powered-By: Express
1 < Access-Control-Allow-Origin: *
1 < Ratelimit-Policy: 100;w=60
1 < Ratelimit-Limit: 100
1 < Ratelimit-Remaining: 94
1 < Ratelimit-Reset: 56
1 < Etag: W/"54-xh6cSuGYfQuIMSKMqR2cchrsrEA"
1 < Via: 1.1 vegur
1 < Cf-Cache-Status: DYNAMIC
1 < server-timing: cfL4;desc="?proto=TCP&rtt=66187&min_rtt=64620&rtt_var=27368&sent=3&recv=7&lost=0&retrans=0&sent_bytes=219&recv_bytes=1077&delivery_rate=16691&cwnd=250&unsent_bytes=0&cid=1d39552289db3e99&ts=438&x=0"
{"name":"morpheus","job":"leader","id":"606","createdAt":"2025-05-13T09:58:25.505Z"}

15:28:25.698 [Test worker] INFO  com.intuit.karate - [print] {
  "name": "morpheus",
  "job": "leader",
  "id": "606",
  "createdAt": "2025-05-13T09:58:25.505Z"
}
 
15:28:25.711 [Test worker] DEBUG com.intuit.karate - request:
1 > POST https://reqres.in/api/register
1 > Accept: application/json
1 > x-api-key: reqres-free-v1
1 > Content-Type: application/json; charset=UTF-8
1 > Content-Length: 50
1 > Host: reqres.in
1 > Connection: Keep-Alive
1 > User-Agent: Apache-HttpClient/4.5.14 (Java/11.0.27)
1 > Accept-Encoding: gzip,deflate
{"email":"eve.holt@reqres.in","password":"pistol"}

15:28:26.416 [Test worker] DEBUG com.intuit.karate - response time in milliseconds: 704
1 < 200
1 < Date: Tue, 13 May 2025 09:58:26 GMT
1 < Content-Type: application/json; charset=utf-8
1 < Transfer-Encoding: chunked
1 < Connection: keep-alive
1 < Server: cloudflare
1 < Cf-Ray: 93f14c1c48884704-BOM
1 < Report-To: {"group":"heroku-nel","max_age":3600,"endpoints":[{"url":"https://nel.heroku.com/reports?ts=1747130306&sid=c4c9725f-1ab0-44d8-820f-430df2718e11&s=lA048hPB205c7JcabXGfEyZKHTsER8s0CkIxL9uTmoM%3D"}]}
1 < Reporting-Endpoints: heroku-nel=https://nel.heroku.com/reports?ts=1747130306&sid=c4c9725f-1ab0-44d8-820f-430df2718e11&s=lA048hPB205c7JcabXGfEyZKHTsER8s0CkIxL9uTmoM%3D
1 < Nel: {"report_to":"heroku-nel","max_age":3600,"success_fraction":0.005,"failure_fraction":0.05,"response_headers":["Via"]}
1 < X-Powered-By: Express
1 < Access-Control-Allow-Origin: *
1 < Ratelimit-Policy: 100;w=60
1 < Ratelimit-Limit: 100
1 < Ratelimit-Remaining: 92
1 < Ratelimit-Reset: 55
1 < Etag: W/"24-4iP0za1geN2he+ohu8F0FhCjLks"
1 < Via: 1.1 vegur
1 < Cf-Cache-Status: DYNAMIC
1 < server-timing: cfL4;desc="?proto=TCP&rtt=62171&min_rtt=59895&rtt_var=27014&sent=4&recv=7&lost=0&retrans=0&sent_bytes=219&recv_bytes=1096&delivery_rate=16489&cwnd=250&unsent_bytes=0&cid=9e8eb364bb10d9a0&ts=447&x=0"
{"id":4,"token":"QpwL5tke4Pnpja7X4"}

15:28:26.419 [Test worker] INFO  com.intuit.karate - [print] {
  "id": 4,
  "token": "QpwL5tke4Pnpja7X4"
}
 
15:28:26.433 [Test worker] DEBUG com.intuit.karate - request:
1 > POST https://reqres.in/api/login
1 > Accept: application/json
1 > x-api-key: reqres-free-v1
1 > Content-Type: application/json; charset=UTF-8
1 > Content-Length: 54
1 > Host: reqres.in
1 > Connection: Keep-Alive
1 > User-Agent: Apache-HttpClient/4.5.14 (Java/11.0.27)
1 > Accept-Encoding: gzip,deflate
{"email":"eve.holt@reqres.in","password":"cityslicka"}

15:28:27.033 [Test worker] DEBUG com.intuit.karate - response time in milliseconds: 598
1 < 200
1 < Date: Tue, 13 May 2025 09:58:27 GMT
1 < Content-Type: application/json; charset=utf-8
1 < Transfer-Encoding: chunked
1 < Connection: keep-alive
1 < Server: cloudflare
1 < Cf-Ray: 93f14c20d86b46a8-BOM
1 < Report-To: {"group":"heroku-nel","max_age":3600,"endpoints":[{"url":"https://nel.heroku.com/reports?ts=1747130306&sid=c4c9725f-1ab0-44d8-820f-430df2718e11&s=lA048hPB205c7JcabXGfEyZKHTsER8s0CkIxL9uTmoM%3D"}]}
1 < Reporting-Endpoints: heroku-nel=https://nel.heroku.com/reports?ts=1747130306&sid=c4c9725f-1ab0-44d8-820f-430df2718e11&s=lA048hPB205c7JcabXGfEyZKHTsER8s0CkIxL9uTmoM%3D
1 < Nel: {"report_to":"heroku-nel","max_age":3600,"success_fraction":0.005,"failure_fraction":0.05,"response_headers":["Via"]}
1 < X-Powered-By: Express
1 < Access-Control-Allow-Origin: *
1 < Ratelimit-Policy: 100;w=60
1 < Ratelimit-Limit: 100
1 < Ratelimit-Remaining: 90
1 < Ratelimit-Reset: 54
1 < Etag: W/"1d-lGCrvD6B7Qzk11+2C98+nGhhuec"
1 < Via: 1.1 vegur
1 < Cf-Cache-Status: DYNAMIC
1 < server-timing: cfL4;desc="?proto=TCP&rtt=70994&min_rtt=70037&rtt_var=28179&sent=4&recv=7&lost=0&retrans=0&sent_bytes=219&recv_bytes=1097&delivery_rate=16576&cwnd=250&unsent_bytes=0&cid=04d89ce0ef87e6c5&ts=428&x=0"
{"token":"QpwL5tke4Pnpja7X4"}

15:28:27.036 [Test worker] INFO  com.intuit.karate - [print] {
  "token": "QpwL5tke4Pnpja7X4"
}
 
15:28:27.051 [Test worker] DEBUG com.intuit.karate - request:
1 > POST https://reqres.in/api/login
1 > Accept: application/json
1 > x-api-key: reqres-free-v1
1 > Content-Type: application/json; charset=UTF-8
1 > Content-Length: 24
1 > Host: reqres.in
1 > Connection: Keep-Alive
1 > User-Agent: Apache-HttpClient/4.5.14 (Java/11.0.27)
1 > Accept-Encoding: gzip,deflate
{"email":"peter@klaven"}

15:28:27.633 [Test worker] DEBUG com.intuit.karate - response time in milliseconds: 581
1 < 400
1 < Date: Tue, 13 May 2025 09:58:27 GMT
1 < Content-Type: application/json; charset=utf-8
1 < Content-Length: 28
1 < Connection: keep-alive
1 < Server: cloudflare
1 < Cf-Ray: 93f14c24aaab4455-BOM
1 < Report-To: {"group":"heroku-nel","max_age":3600,"endpoints":[{"url":"https://nel.heroku.com/reports?ts=1747130307&sid=c4c9725f-1ab0-44d8-820f-430df2718e11&s=BKPfJTsoxeI8LFgSIiKEOvJ9Hsoc2fne9UZ3zLIaTmg%3D"}]}
1 < Reporting-Endpoints: heroku-nel=https://nel.heroku.com/reports?ts=1747130307&sid=c4c9725f-1ab0-44d8-820f-430df2718e11&s=BKPfJTsoxeI8LFgSIiKEOvJ9Hsoc2fne9UZ3zLIaTmg%3D
1 < Nel: {"report_to":"heroku-nel","max_age":3600,"success_fraction":0.005,"failure_fraction":0.05,"response_headers":["Via"]}
1 < X-Powered-By: Express
1 < Access-Control-Allow-Origin: *
1 < Ratelimit-Policy: 100;w=60
1 < Ratelimit-Limit: 100
1 < Ratelimit-Remaining: 88
1 < Ratelimit-Reset: 54
1 < Etag: W/"1c-NmpazMScs9tOqR7eDEesn+pqC9Q"
1 < Via: 1.1 vegur
1 < Cf-Cache-Status: DYNAMIC
1 < server-timing: cfL4;desc="?proto=TCP&rtt=78199&min_rtt=66970&rtt_var=33135&sent=4&recv=7&lost=0&retrans=0&sent_bytes=219&recv_bytes=1067&delivery_rate=19232&cwnd=244&unsent_bytes=0&cid=13c7f0d67b02bd47&ts=417&x=0"
{"error":"Missing password"}

15:28:27.635 [Test worker] INFO  com.intuit.karate - [print] {
  "error": "Missing password"
}
 
15:28:27.707 [Test worker] DEBUG com.intuit.karate - request:
1 > PUT https://reqres.in/api/users/2
1 > Accept: application/json
1 > x-api-key: reqres-free-v1
1 > Content-Type: application/json; charset=UTF-8
1 > Content-Length: 41
1 > Host: reqres.in
1 > Connection: Keep-Alive
1 > User-Agent: Apache-HttpClient/4.5.14 (Java/11.0.27)
1 > Accept-Encoding: gzip,deflate
{"name":"morpheus","job":"zion resident"}

15:28:28.254 [Test worker] DEBUG com.intuit.karate - response time in milliseconds: 546
1 < 200
1 < Date: Tue, 13 May 2025 09:58:28 GMT
1 < Content-Type: application/json; charset=utf-8
1 < Transfer-Encoding: chunked
1 < Connection: keep-alive
1 < Cf-Ray: 93f14c28d98947f1-BOM
1 < Server: cloudflare
1 < Report-To: {"group":"heroku-nel","max_age":3600,"endpoints":[{"url":"https://nel.heroku.com/reports?ts=1747130308&sid=c4c9725f-1ab0-44d8-820f-430df2718e11&s=3tYfidhPt0bNj0H2ScGtlg9Hu4WF7Jq%2FZ%2FOpKApSyzA%3D"}]}
1 < Reporting-Endpoints: heroku-nel=https://nel.heroku.com/reports?ts=1747130308&sid=c4c9725f-1ab0-44d8-820f-430df2718e11&s=3tYfidhPt0bNj0H2ScGtlg9Hu4WF7Jq%2FZ%2FOpKApSyzA%3D
1 < Nel: {"report_to":"heroku-nel","max_age":3600,"success_fraction":0.005,"failure_fraction":0.05,"response_headers":["Via"]}
1 < X-Powered-By: Express
1 < Access-Control-Allow-Origin: *
1 < Ratelimit-Policy: 100;w=60
1 < Ratelimit-Limit: 100
1 < Ratelimit-Remaining: 86
1 < Ratelimit-Reset: 53
1 < Etag: W/"50-6e1yTzsbHBGUuOaxv7ISml1h0ac"
1 < Via: 1.1 vegur
1 < Cf-Cache-Status: DYNAMIC
1 < Vary: Accept-Encoding
1 < server-timing: cfL4;desc="?proto=TCP&rtt=87005&min_rtt=67273&rtt_var=39321&sent=4&recv=7&lost=0&retrans=0&sent_bytes=219&recv_bytes=1085&delivery_rate=19145&cwnd=250&unsent_bytes=0&cid=bddd79f890fe546a&ts=374&x=0"
{"name":"morpheus","job":"zion resident","updatedAt":"2025-05-13T09:58:28.199Z"}

15:28:28.256 [Test worker] INFO  com.intuit.karate - [print] {
  "name": "morpheus",
  "job": "zion resident",
  "updatedAt": "2025-05-13T09:58:28.199Z"
}
 
15:28:28.299 [Test worker] DEBUG com.intuit.karate - request:
1 > DELETE https://reqres.in/api/users/2
1 > Accept: application/json
1 > x-api-key: reqres-free-v1
1 > Host: reqres.in
1 > Connection: Keep-Alive
1 > User-Agent: Apache-HttpClient/4.5.14 (Java/11.0.27)
1 > Accept-Encoding: gzip,deflate


15:28:28.951 [Test worker] DEBUG com.intuit.karate - response time in milliseconds: 651
1 < 204
1 < Date: Tue, 13 May 2025 09:58:28 GMT
1 < Connection: keep-alive
1 < Server: cloudflare
1 < Cf-Ray: 93f14c2c7ad047de-BOM
1 < Report-To: {"group":"heroku-nel","max_age":3600,"endpoints":[{"url":"https://nel.heroku.com/reports?ts=1747130308&sid=c4c9725f-1ab0-44d8-820f-430df2718e11&s=3tYfidhPt0bNj0H2ScGtlg9Hu4WF7Jq%2FZ%2FOpKApSyzA%3D"}]}
1 < Reporting-Endpoints: heroku-nel=https://nel.heroku.com/reports?ts=1747130308&sid=c4c9725f-1ab0-44d8-820f-430df2718e11&s=3tYfidhPt0bNj0H2ScGtlg9Hu4WF7Jq%2FZ%2FOpKApSyzA%3D
1 < Nel: {"report_to":"heroku-nel","max_age":3600,"success_fraction":0.005,"failure_fraction":0.05,"response_headers":["Via"]}
1 < X-Powered-By: Express
1 < Access-Control-Allow-Origin: *
1 < Ratelimit-Policy: 100;w=60
1 < Ratelimit-Limit: 100
1 < Ratelimit-Remaining: 84
1 < Ratelimit-Reset: 52
1 < Etag: W/"2-vyGp6PvFo4RvsFtPoIWeCReyIC8"
1 < Via: 1.1 vegur
1 < Cf-Cache-Status: DYNAMIC
1 < server-timing: cfL4;desc="?proto=TCP&rtt=79530&min_rtt=77992&rtt_var=30345&sent=4&recv=7&lost=0&retrans=0&sent_bytes=219&recv_bytes=980&delivery_rate=16514&cwnd=247&unsent_bytes=0&cid=6800eb0763a88ee8&ts=465&x=0"


15:28:28.953 [Test worker] INFO  com.intuit.karate - [print]  
